<?xml version="1.0" encoding="UTF-8"?>
<!-- Generated by org.testng.reporters.JUnitReportReporter -->
<testsuite hostname="Mukesh" name="testcases.hybridTestCases.AddUser1" tests="1" failures="0" timestamp="1 Oct 2016 05:25:44 GMT" time="28.987" errors="0">
  <testcase name="addUserToApplication" time="28.987" classname="testcases.hybridTestCases.AddUser1"/>
</testsuite> <!-- testcases.hybridTestCases.AddUser1 -->
