<?xml version="1.0" encoding="UTF-8"?>
<!-- Generated by org.testng.reporters.JUnitReportReporter -->
<testsuite hostname="LIPIKABISWAL" name="testcases.dataDrivenTestCases.LandingPageTest" tests="1" failures="0" timestamp="1 Jul 2022 10:18:25 GMT" time="25.581" errors="0">
  <testcase name="doRegister" time="25.581" classname="testcases.dataDrivenTestCases.LandingPageTest"/>
</testsuite> <!-- testcases.dataDrivenTestCases.LandingPageTest -->
