<?xml version="1.0" encoding="UTF-8"?>
<!-- Generated by org.testng.reporters.JUnitReportReporter -->
<testsuite hostname="Mukesh" name="testcases.hybridTestCases.AddEmployee1" tests="1" failures="0" timestamp="1 Oct 2016 04:56:50 GMT" time="1.490" errors="0">
  <testcase name="generateReport" time="1.490" classname="testcases.hybridTestCases.AddEmployee1"/>
</testsuite> <!-- testcases.hybridTestCases.AddEmployee1 -->
