<?xml version="1.0" encoding="UTF-8"?>
<!-- Generated by org.testng.reporters.JUnitReportReporter -->
<testsuite hostname="LIPIKABISWAL" name="testcases.dataDrivenTestCases.LandingPageTest" tests="1" failures="0" timestamp="6 Jul 2022 07:00:48 GMT" time="31.448" errors="0">
  <testcase name="doRegister" time="31.448" classname="testcases.dataDrivenTestCases.LandingPageTest"/>
</testsuite> <!-- testcases.dataDrivenTestCases.LandingPageTest -->
