<?xml version="1.0" encoding="UTF-8"?>
<!-- Generated by org.testng.reporters.JUnitReportReporter -->
<testsuite hostname="Mukesh" name="testcases.hybridTestCases.AddUserWithReport1" tests="2" failures="0" timestamp="22 Oct 2016 04:58:37 GMT" time="26.516" errors="0">
  <testcase name="addUserToApplication" time="21.415" classname="testcases.hybridTestCases.AddUserWithReport1"/>
  <testcase name="searchUser" time="5.101" classname="testcases.hybridTestCases.AddUserWithReport1"/>
</testsuite> <!-- testcases.hybridTestCases.AddUserWithReport1 -->
