<?xml version="1.0" encoding="UTF-8"?>
<!-- Generated by org.testng.reporters.JUnitReportReporter -->
<testsuite hostname="Mukesh" name="testcases.hybridTestCases.AddEmployee" tests="1" failures="0" timestamp="1 Oct 2016 04:45:04 GMT" time="4.979" errors="0">
  <testcase name="generateReport" time="4.979" classname="testcases.hybridTestCases.AddEmployee"/>
</testsuite> <!-- testcases.hybridTestCases.AddEmployee -->
